build/app/intermediates/aapt_proguard_file/release/processReleaseResources/aapt_rules.txt
-keep class android.app.Application { <init>(); }
-keep class androidx.core.app.CoreComponentFactory { <init>(); }
-keep class androidx.profileinstaller.ProfileInstallReceiver { <init>(); }
-keep class androidx.startup.InitializationProvider { <init>(); }
-keep class ru.nmasalkin.frontend_development.MainActivity { <init>(); }