build/app/outputs/mapping/release/seeds.txt
ru.nmasalkin.frontend_development.MainActivity
ru.nmasalkin.frontend_development.MainActivity: MainActivity()
...
androidx.core.view.WindowInsetsCompat$Impl20: void loadReflectionField()
io.flutter.plugin.editing.ImeSyncDeferringInsetsCallback: ImeSyncDeferringInsetsCallback(android.view.View)
androidx.core.view.WindowInsetsCompat$Impl: void setRootViewData(androidx.core.graphics.Insets)
androidx.core.view.WindowInsetsCompat$Impl: boolean equals(java.lang.Object)
io.flutter.embedding.android.KeyData$Type: io.flutter.embedding.android.KeyData$Type valueOf(java.lang.String)
io.flutter.view.TextureRegistry$SurfaceTextureEntry$-CC: void $default$setOnFrameConsumedListener(io.flutter.view.TextureRegistry$SurfaceTextureEntry,io.flutter.view.TextureRegistry$OnFrameConsumedListener)
io.flutter.embedding.engine.FlutterJNI: void deferredComponentInstallFailure(int,java.lang.String,boolean)
androidx.window.area.reflectionguard.ExtensionWindowAreaStatusRequirements: android.util.DisplayMetrics getWindowAreaDisplayMetrics()
androidx.core.view.WindowInsetsCompat$BuilderImpl29: void setSystemWindowInsets(androidx.core.graphics.Insets)
io.flutter.embedding.engine.FlutterJNI: void detachFromNativeAndReleaseResources()
io.flutter.embedding.engine.FlutterJNI: void nativeSurfaceWindowChanged(long,android.view.Surface)
androidx.core.view.WindowInsetsCompat$BuilderImpl: androidx.core.view.WindowInsetsCompat build()
androidx.core.view.ViewCompat$Api21Impl: void stopNestedScroll(android.view.View)
io.flutter.embedding.engine.systemchannels.LifecycleChannel$AppLifecycleState: io.flutter.embedding.engine.systemchannels.LifecycleChannel$AppLifecycleState valueOf(java.lang.String)
io.flutter.view.AccessibilityBridge$TextDirection: io.flutter.view.AccessibilityBridge$TextDirection valueOf(java.lang.String)
io.flutter.embedding.engine.FlutterJNI: void invokePlatformMessageEmptyResponseCallback(int)
androidx.window.area.reflectionguard.WindowAreaComponentApi2Requirements: void removeRearDisplayStatusListener(androidx.window.extensions.core.util.function.Consumer)
io.flutter.view.TextureRegistry$ImageTextureEntry: long id()
androidx.core.view.WindowInsetsCompat$Impl28: androidx.core.view.WindowInsetsCompat consumeDisplayCutout()
androidx.core.view.WindowInsetsCompat$Impl20: androidx.core.graphics.Insets getInsets(int,boolean)
io.flutter.embedding.engine.FlutterJNI: void onDisplayOverlaySurface(int,int,int,int,int)
androidx.window.layout.adapter.sidecar.DistinctElementSidecarCallback: void onWindowLayoutChanged(android.os.IBinder,androidx.window.sidecar.SidecarWindowLayoutInfo)
androidx.core.view.WindowInsetsCompat$Impl30: WindowInsetsCompat$Impl30(androidx.core.view.WindowInsetsCompat,android.view.WindowInsets)
androidx.lifecycle.Lifecycle$State: androidx.lifecycle.Lifecycle$State valueOf(java.lang.String)
androidx.tracing.TraceApi29Impl: boolean isEnabled()
io.flutter.view.TextureRegistry$ImageConsumer: android.media.Image acquireLatestImage()
io.flutter.embedding.engine.FlutterJNI: void nativeRegisterTexture(long,long,java.lang.ref.WeakReference)
io.flutter.embedding.engine.renderer.FlutterRenderer$ImageReaderSurfaceProducer: double deltaMillis(long)
androidx.window.area.reflectionguard.WindowAreaComponentApi3Requirements: androidx.window.extensions.area.ExtensionWindowAreaPresentation getRearDisplayPresentation()
io.flutter.embedding.engine.FlutterJNI: void nativeSetSemanticsEnabled(long,boolean)
io.flutter.embedding.android.FlutterView: void setVisibility(int)
io.flutter.embedding.android.FlutterView$ZeroSides: io.flutter.embedding.android.FlutterView$ZeroSides valueOf(java.lang.String)
androidx.core.view.WindowInsetsCompat$Impl: WindowInsetsCompat$Impl(androidx.core.view.WindowInsetsCompat)
io.flutter.embedding.android.FlutterView: io.flutter.embedding.engine.FlutterEngine getAttachedFlutterEngine()
androidx.lifecycle.ReportFragment$LifecycleCallbacks: void onActivityPostStarted(android.app.Activity)
kotlin.random.Random: Random()