build/app/outputs/mapping/release/usage.txt
ru.nmasalkin.frontend_development.R$drawable
ru.nmasalkin.frontend_development.R$mipmap
ru.nmasalkin.frontend_development.R$style
ru.nmasalkin.frontend_development.R
...
kotlinx.coroutines.internal.ThreadLocalKt
kotlinx.coroutines.internal.ThreadSafeHeap:
    public kotlinx.coroutines.EventLoopImplBase$DelayedTask[] a
    public static void firstImpl()
    public static int getSize()
    public final boolean isEmpty()
    public static void peek()
    public final void removeAtImpl()
    public static void removeFirstOrNull()
    public static void setSize()
    public static void siftDownFrom()
    public static void siftUpFrom()
    public static void swap()
kotlinx.coroutines.internal.ThreadSafeHeapNode
kotlinx.coroutines.internal.ThreadState:
    public final kotlin.coroutines.CoroutineContext context
    public int i
    public static void append()
    public static void restore()
kotlinx.coroutines.internal.WeakMapCtorCache
kotlinx.coroutines.intrinsics.CancellableKt
kotlinx.coroutines.intrinsics.UndispatchedKt
kotlinx.coroutines.scheduling.CoroutineScheduler$Companion
kotlinx.coroutines.scheduling.CoroutineScheduler$WhenMappings
kotlinx.coroutines.scheduling.CoroutineScheduler$Worker:
    public static void afterTask()
    public static void beforeTask()
    public static void executeTask()
    public static kotlinx.coroutines.scheduling.Task findAnyTask()
    public static kotlinx.coroutines.scheduling.Task findBlockingTask()
    public static void idleReset()
    public final boolean inStack()
    public static void park()
    public static void runWorker()
    public static boolean tryAcquireCpuPermit()
    public static void tryPark()
    public static void tryTerminateWorker()
kotlinx.coroutines.scheduling.CoroutineScheduler$WorkerState$EnumUnboxingLocalUtility
kotlinx.coroutines.scheduling.CoroutineScheduler$WorkerState
kotlinx.coroutines.scheduling.CoroutineScheduler:
    public static final kotlinx.coroutines.scheduling.CoroutineScheduler$Companion Companion
    public static boolean addToGlobalQueue()
    public static kotlinx.coroutines.scheduling.Task createTask()
    public final kotlinx.coroutines.scheduling.CoroutineScheduler$Worker currentWorker()
    public static synthetic void dispatch$default(kotlinx.coroutines.scheduling.CoroutineScheduler,java.lang.Runnable)
    public final boolean isTerminated()
    public static int parkedWorkersStackNextIndex(kotlinx.coroutines.scheduling.CoroutineScheduler$Worker)
    public static kotlinx.coroutines.scheduling.CoroutineScheduler$Worker parkedWorkersStackPop()
    public static boolean parkedWorkersStackPush()
    public static void runSafely(kotlinx.coroutines.scheduling.Task)
    public static void shutdown()
    public static void signalBlockingWork()
    public final void signalCpuWork()
    public static kotlinx.coroutines.scheduling.Task submitToLocalQueue()
kotlinx.coroutines.scheduling.NanoTimeSource:
    public final long nanoTime()
kotlinx.coroutines.scheduling.SchedulerCoroutineDispatcher:
    public final int corePoolSize
    public final long idleWorkerKeepAliveNs
    public final int maxPoolSize
    public final java.lang.String schedulerName
    public abstract kotlinx.coroutines.scheduling.CoroutineScheduler createScheduler()
    public abstract void dispatchWithContext$kotlinx_coroutines_core()
kotlinx.coroutines.scheduling.SchedulerTimeSource:
    public abstract long nanoTime()
kotlinx.coroutines.scheduling.TaskContext
kotlinx.coroutines.scheduling.TaskContextImpl:
    public static void afterTask()
    public static int getTaskMode()
kotlinx.coroutines.scheduling.UnlimitedIoScheduler:
    public final kotlinx.coroutines.CoroutineDispatcher limitedParallelism()
kotlinx.coroutines.scheduling.WorkQueue$$InternalSyntheticBackportWithForwarding$2$9363abb24a3ff4b9253e4bebc27f259c727057e4b296b6c47458b0f68b64948d$0
kotlinx.coroutines.scheduling.WorkQueue$$InternalSyntheticBackportWithForwarding$2$a00ca567711852944231a48d98b96d3fb9a77bf9c832d09eb2cea01c2b0c62f1$0
kotlinx.coroutines.scheduling.WorkQueue$$InternalSyntheticBackportWithForwarding$2$a9a47cdc35bd15ccaf311d9c792b9c6f272bae9743e62ca165a38ddc99be967e$0